<?xml version="1.0" encoding="UTF-8"?>
<!-- Generated by org.testng.reporters.JUnitReportReporter -->
<testsuite hostname="DESKTOP-N1NG7JA" failures="0" tests="1" name="com.comcast.crm.organizationmoduleTest.CreateOrganizationTest" time="18.544" errors="0" timestamp="2024-06-27T16:55:41 IST" skipped="0">
  <testcase classname="com.comcast.crm.organizationmoduleTest.CreateOrganizationTest" name="createOrgTest" time="18.544">
    <system-out>
      <![CDATA[Test case Executed Sucessfully createOrgTest]]>
    </system-out>
  </testcase> <!-- createOrgTest -->
  <system-out>
    <![CDATA[Test case Executed Sucessfully createOrgTest]]>
  </system-out>
</testsuite> <!-- com.comcast.crm.organizationmoduleTest.CreateOrganizationTest -->
